15:22:23 - [34mdebug[39m: loadZipFileContents
15:22:23 - [34mdebug[39m: loadZipFileBuffer
15:22:23 - [34mdebug[39m: loadZipFileContents
15:22:23 - [34mdebug[39m: loadZipFileContents
15:22:23 - [34mdebug[39m: loadZipFileContents
15:22:23 - [34mdebug[39m: loadZipFileContents
15:22:23 - [34mdebug[39m: fromArchive
15:22:23 - [34mdebug[39m: loadZipFileContents
15:22:23 - [34mdebug[39m: loadZipFileContents
15:22:23 - [34mdebug[39m: loadZipFileContents
15:22:23 - [34mdebug[39m: loadZipFileContents
15:22:23 - [34mdebug[39m: loadZipFileContents
15:22:23 - [34mdebug[39m: fromArchive
15:22:23 - [34mdebug[39m: fromArchive
15:22:23 - [34mdebug[39m: fromArchive
15:22:23 - [34mdebug[39m: loadZipFileContents
15:22:24 - [34mdebug[39m: Setting clause data: {"$class":"license.LicenseAgreementContract","effectiveDate":"2011-09-22T00:00:00.000+02:00","licensee":{"$class":"org.accordproject.cicero.contract.AccordParty","partyId":"Equity Labs, Inc."},"licenseeState":"Utah","licenseeCountry":"USA","licenseeEntityType":"corporation","licenseeAddress":"517 West 100 North, Suite 201, Providence, UT  84332","licensor":{"$class":"org.accordproject.cicero.contract.AccordParty","partyId":"Health Innovations, Inc"},"licensorState":"Utah","licensorCountry":"USA","licensorEntityType":"Corporation","licensorAddress":"86 North University Avenue, Suite 400, Provo, UT 84601","ProductDescription":"des","ProductName":"test","paymentClause":{"$class":"license.PaymentClause","amountText":"one hundred US Dollars","amount":{"$class":"org.accordproject.money.MonetaryAmount","doubleValue":100,"currencyCode":"USD"},"paymentProcedure":"bank transfer","clauseId":"66d19cab-2bbc-487e-952f-dbeab260e9fe"},"royalty":true,"terminationClause":{"$class":"license.TerminationClause","TimeBeforeTermination":{"$class":"org.accordproject.time.Period","amount":3,"unit":"months"},"clauseId":"7741c54a-95d5-422c-a54f-c7dd8bc17a11"},"contractId":"45cc9851-5bcf-4152-aa1c-8e0d994e7082"}
15:25:45 - [34mdebug[39m: loadZipFileContents
15:25:45 - [34mdebug[39m: loadZipFileBuffer
15:25:45 - [34mdebug[39m: loadZipFileContents
15:25:45 - [34mdebug[39m: loadZipFileContents
15:25:45 - [34mdebug[39m: loadZipFileContents
15:25:45 - [34mdebug[39m: loadZipFileContents
15:25:45 - [34mdebug[39m: fromArchive
15:25:45 - [34mdebug[39m: loadZipFileContents
15:25:45 - [34mdebug[39m: loadZipFileContents
15:25:45 - [34mdebug[39m: loadZipFileContents
15:25:45 - [34mdebug[39m: loadZipFileContents
15:25:45 - [34mdebug[39m: loadZipFileContents
15:25:45 - [34mdebug[39m: fromArchive
15:25:45 - [34mdebug[39m: fromArchive
15:25:45 - [34mdebug[39m: fromArchive
15:25:45 - [34mdebug[39m: loadZipFileContents
15:25:48 - [34mdebug[39m: Setting clause data: {"$class":"license.LicenseAgreementContract","effectiveDate":"2011-09-22T00:00:00.000+02:00","licensee":{"$class":"org.accordproject.cicero.contract.AccordParty","partyId":"Equity Labs, Inc."},"licenseeState":"Utah","licenseeCountry":"USA","licenseeEntityType":"corporation","licenseeAddress":"517 West 100 North, Suite 201, Providence, UT  84332","licensor":{"$class":"org.accordproject.cicero.contract.AccordParty","partyId":"Health Innovations, Inc"},"licensorState":"Utah","licensorCountry":"USA","licensorEntityType":"Corporation","licensorAddress":"86 North University Avenue, Suite 400, Provo, UT 84601","ProductDescription":"des","ProductName":"test","paymentClause":{"$class":"license.PaymentClause","amountText":"one hundred US Dollars","amount":{"$class":"org.accordproject.money.MonetaryAmount","doubleValue":100,"currencyCode":"USD"},"paymentProcedure":"bank transfer","clauseId":"53734b6f-4a59-4e0f-9d60-4519128c1647"},"royalty":true,"terminationClause":{"$class":"license.TerminationClause","TimeBeforeTermination":{"$class":"org.accordproject.time.Period","amount":3,"unit":"months"},"clauseId":"e77aae06-6682-45fa-9135-ad9003532949"},"contractId":"39bc03f4-f3cd-4173-9375-4850c332bac3"}
14:24:48 - [34mdebug[39m: loadZipFileContents
14:24:48 - [34mdebug[39m: loadZipFileBuffer
14:24:48 - [34mdebug[39m: loadZipFileContents
14:24:48 - [34mdebug[39m: loadZipFileContents
14:24:48 - [34mdebug[39m: loadZipFileContents
14:24:48 - [34mdebug[39m: loadZipFileContents
14:24:48 - [34mdebug[39m: fromArchive
14:24:48 - [34mdebug[39m: loadZipFileContents
14:24:48 - [34mdebug[39m: loadZipFileContents
14:24:48 - [34mdebug[39m: loadZipFileContents
14:24:48 - [34mdebug[39m: loadZipFileContents
14:24:48 - [34mdebug[39m: loadZipFileContents
14:24:48 - [34mdebug[39m: fromArchive
14:24:48 - [34mdebug[39m: fromArchive
14:24:48 - [34mdebug[39m: fromArchive
14:24:48 - [34mdebug[39m: loadZipFileContents
14:24:50 - [34mdebug[39m: Setting clause data: {"$class":"license.LicenseAgreementContract","effectiveDate":"2011-09-22T00:00:00.000+02:00","licensee":{"$class":"org.accordproject.cicero.contract.AccordParty","partyId":"Equity Labs, Inc."},"licenseeState":"Utah","licenseeCountry":"USA","licenseeEntityType":"corporation","licenseeAddress":"517 West 100 North, Suite 201, Providence, UT  84332","licensor":{"$class":"org.accordproject.cicero.contract.AccordParty","partyId":"Health Innovations, Inc"},"licensorState":"Utah","licensorCountry":"USA","licensorEntityType":"Corporation","licensorAddress":"86 North University Avenue, Suite 400, Provo, UT 84601","ProductDescription":"des","ProductName":"test","paymentClause":{"$class":"license.PaymentClause","amountText":"one hundred US Dollars","amount":{"$class":"org.accordproject.money.MonetaryAmount","doubleValue":100,"currencyCode":"USD"},"paymentProcedure":"bank transfer","clauseId":"5dbac898-03f3-46be-bac4-8d0b729ba4c9"},"royalty":true,"terminationClause":{"$class":"license.TerminationClause","TimeBeforeTermination":{"$class":"org.accordproject.time.Period","amount":3,"unit":"months"},"clauseId":"ac82bf75-5928-43c2-b745-8c6c8867c8f4"},"contractId":"ee1d35f1-cbc2-4d34-8caf-225bd91e17ef"}
12:44:54 - [34mdebug[39m: loadZipFileContents
12:44:54 - [34mdebug[39m: loadZipFileBuffer
12:44:54 - [34mdebug[39m: loadZipFileContents
12:44:54 - [34mdebug[39m: loadZipFileContents
12:44:54 - [34mdebug[39m: loadZipFileContents
12:44:54 - [34mdebug[39m: loadZipFileContents
12:44:54 - [34mdebug[39m: fromArchive
12:44:54 - [34mdebug[39m: loadZipFileContents
12:44:54 - [34mdebug[39m: loadZipFileContents
12:44:54 - [34mdebug[39m: loadZipFileContents
12:44:54 - [34mdebug[39m: loadZipFileContents
12:44:54 - [34mdebug[39m: loadZipFileContents
12:44:54 - [34mdebug[39m: fromArchive
12:44:54 - [34mdebug[39m: fromArchive
12:44:54 - [34mdebug[39m: fromArchive
12:44:54 - [34mdebug[39m: loadZipFileContents
12:44:56 - [34mdebug[39m: Setting clause data: {"$class":"license.LicenseAgreementContract","effectiveDate":"2011-09-22T00:00:00.000+02:00","licensee":{"$class":"org.accordproject.cicero.contract.AccordParty","partyId":"Equity Labs, Inc."},"licenseeState":"Utah","licenseeCountry":"USA","licenseeEntityType":"corporation","licenseeAddress":"517 West 100 North, Suite 201, Providence, UT  84332","licensor":{"$class":"org.accordproject.cicero.contract.AccordParty","partyId":"Health Innovations, Inc"},"licensorState":"Utah","licensorCountry":"USA","licensorEntityType":"Corporation","licensorAddress":"86 North University Avenue, Suite 400, Provo, UT 84601","ProductDescription":"des","ProductName":"test","paymentClause":{"$class":"license.PaymentClause","amountText":"one hundred US Dollars","amount":{"$class":"org.accordproject.money.MonetaryAmount","doubleValue":100,"currencyCode":"USD"},"paymentProcedure":"bank transfer","clauseId":"ec0763a6-9862-4f72-b965-e565377e18a6"},"royalty":true,"terminationClause":{"$class":"license.TerminationClause","TimeBeforeTermination":{"$class":"org.accordproject.time.Period","amount":3,"unit":"months"},"clauseId":"f3621412-0bcb-4264-809e-511267ccc6ce"},"contractId":"90c37869-6c0a-4cea-8297-3035784f6d95"}
16:12:24 - [34mdebug[39m: loadZipFileContents
16:12:24 - [34mdebug[39m: loadZipFileBuffer
16:12:24 - [34mdebug[39m: loadZipFileContents
16:12:24 - [34mdebug[39m: loadZipFileContents
16:12:24 - [34mdebug[39m: loadZipFileContents
16:12:24 - [34mdebug[39m: loadZipFileContents
16:12:24 - [34mdebug[39m: fromArchive
16:12:24 - [34mdebug[39m: loadZipFileContents
16:12:24 - [34mdebug[39m: loadZipFileContents
16:12:24 - [34mdebug[39m: loadZipFileContents
16:12:24 - [34mdebug[39m: loadZipFileContents
16:12:24 - [34mdebug[39m: loadZipFileContents
16:12:24 - [34mdebug[39m: fromArchive
16:12:24 - [34mdebug[39m: fromArchive
16:12:24 - [34mdebug[39m: fromArchive
16:12:24 - [34mdebug[39m: loadZipFileContents
16:12:27 - [34mdebug[39m: Setting clause data: {"$class":"license.LicenseAgreementContract","effectiveDate":"2011-09-22T00:00:00.000+02:00","licensee":{"$class":"org.accordproject.cicero.contract.AccordParty","partyId":"Equity Labs, Inc."},"licenseeState":"Utah","licenseeCountry":"USA","licenseeEntityType":"corporation","licenseeAddress":"517 West 100 North, Suite 201, Providence, UT  84332","licensor":{"$class":"org.accordproject.cicero.contract.AccordParty","partyId":"Health Innovations, Inc"},"licensorState":"Utah","licensorCountry":"USA","licensorEntityType":"Corporation","licensorAddress":"86 North University Avenue, Suite 400, Provo, UT 84601","ProductDescription":"des","ProductName":"test","paymentClause":{"$class":"license.PaymentClause","amountText":"one hundred US Dollars","amount":{"$class":"org.accordproject.money.MonetaryAmount","doubleValue":100,"currencyCode":"USD"},"paymentProcedure":"bank transfer","clauseId":"77a23b14-9afa-445c-80d3-1801bd0093bc"},"royalty":true,"terminationClause":{"$class":"license.TerminationClause","TimeBeforeTermination":{"$class":"org.accordproject.time.Period","amount":3,"unit":"months"},"clauseId":"95ccb52a-33ee-44f5-92a7-897e05dee431"},"contractId":"92941c34-66ae-4f2b-afc4-c02564f3d1ee"}
16:16:42 - [32minfo[39m: Using current directory as template folder
16:16:42 - [32minfo[39m: Loading a default sample.txt file.
16:16:42 - [31merror[39m: A sample text file is required. Try the --sample flag or create a sample.txt in the root folder of your template.
10:58:20 - [34mdebug[39m: loadZipFileContents
10:58:21 - [34mdebug[39m: loadZipFileBuffer
10:58:21 - [34mdebug[39m: loadZipFileContents
10:58:21 - [34mdebug[39m: loadZipFileContents
10:58:21 - [34mdebug[39m: loadZipFileContents
10:58:21 - [34mdebug[39m: loadZipFileContents
10:58:21 - [34mdebug[39m: fromArchive
10:58:21 - [34mdebug[39m: loadZipFileContents
10:58:21 - [34mdebug[39m: loadZipFileContents
10:58:21 - [34mdebug[39m: loadZipFileContents
10:58:21 - [34mdebug[39m: loadZipFileContents
10:58:21 - [34mdebug[39m: loadZipFileContents
10:58:21 - [34mdebug[39m: fromArchive
10:58:21 - [34mdebug[39m: fromArchive
10:58:21 - [34mdebug[39m: fromArchive
10:58:21 - [34mdebug[39m: loadZipFileContents
11:04:46 - [34mdebug[39m: loadZipFileContents
11:04:46 - [34mdebug[39m: loadZipFileBuffer
11:04:46 - [34mdebug[39m: loadZipFileContents
11:04:46 - [34mdebug[39m: loadZipFileContents
11:04:46 - [34mdebug[39m: loadZipFileContents
11:04:46 - [34mdebug[39m: loadZipFileContents
11:04:46 - [34mdebug[39m: fromArchive
11:04:46 - [34mdebug[39m: loadZipFileContents
11:04:46 - [34mdebug[39m: loadZipFileContents
11:04:46 - [34mdebug[39m: loadZipFileContents
11:04:46 - [34mdebug[39m: loadZipFileContents
11:04:46 - [34mdebug[39m: loadZipFileContents
11:04:46 - [34mdebug[39m: fromArchive
11:04:46 - [34mdebug[39m: fromArchive
11:04:46 - [34mdebug[39m: fromArchive
11:04:46 - [34mdebug[39m: loadZipFileContents
11:49:11 - [34mdebug[39m: loadZipFileContents
11:49:11 - [34mdebug[39m: loadZipFileBuffer
11:49:11 - [34mdebug[39m: loadZipFileContents
11:49:11 - [34mdebug[39m: loadZipFileContents
11:49:11 - [34mdebug[39m: loadZipFileContents
11:49:11 - [34mdebug[39m: loadZipFileContents
11:49:11 - [34mdebug[39m: fromArchive
11:49:11 - [34mdebug[39m: loadZipFileContents
11:49:11 - [34mdebug[39m: loadZipFileContents
11:49:11 - [34mdebug[39m: loadZipFileContents
11:49:11 - [34mdebug[39m: loadZipFileContents
11:49:11 - [34mdebug[39m: loadZipFileContents
11:49:11 - [34mdebug[39m: fromArchive
11:49:11 - [34mdebug[39m: fromArchive
11:49:11 - [34mdebug[39m: fromArchive
11:49:11 - [34mdebug[39m: loadZipFileContents
12:18:55 - [34mdebug[39m: loadZipFileContents
12:18:55 - [34mdebug[39m: loadZipFileBuffer
12:18:55 - [34mdebug[39m: loadZipFileContents
12:18:55 - [34mdebug[39m: loadZipFileContents
12:18:55 - [34mdebug[39m: loadZipFileContents
12:18:55 - [34mdebug[39m: loadZipFileContents
12:18:55 - [34mdebug[39m: fromArchive
12:18:55 - [34mdebug[39m: loadZipFileContents
12:18:55 - [34mdebug[39m: loadZipFileContents
12:18:55 - [34mdebug[39m: loadZipFileContents
12:18:55 - [34mdebug[39m: loadZipFileContents
12:18:55 - [34mdebug[39m: loadZipFileContents
12:18:55 - [34mdebug[39m: fromArchive
12:18:55 - [34mdebug[39m: fromArchive
12:18:55 - [34mdebug[39m: fromArchive
12:18:55 - [34mdebug[39m: loadZipFileContents
12:19:43 - [34mdebug[39m: loadZipFileContents
12:19:43 - [34mdebug[39m: loadZipFileBuffer
12:19:43 - [34mdebug[39m: loadZipFileContents
12:19:43 - [34mdebug[39m: loadZipFileContents
12:19:43 - [34mdebug[39m: loadZipFileContents
12:19:43 - [34mdebug[39m: loadZipFileContents
12:19:43 - [34mdebug[39m: fromArchive
12:19:43 - [34mdebug[39m: loadZipFileContents
12:19:43 - [34mdebug[39m: loadZipFileContents
12:19:43 - [34mdebug[39m: loadZipFileContents
12:19:43 - [34mdebug[39m: loadZipFileContents
12:19:43 - [34mdebug[39m: loadZipFileContents
12:19:43 - [34mdebug[39m: fromArchive
12:19:44 - [34mdebug[39m: fromArchive
12:19:44 - [34mdebug[39m: fromArchive
12:19:44 - [34mdebug[39m: loadZipFileContents
12:37:11 - [34mdebug[39m: loadZipFileContents
12:37:11 - [34mdebug[39m: loadZipFileBuffer
12:37:11 - [34mdebug[39m: loadZipFileContents
12:37:11 - [34mdebug[39m: loadZipFileContents
12:37:11 - [34mdebug[39m: loadZipFileContents
12:37:11 - [34mdebug[39m: loadZipFileContents
12:37:11 - [34mdebug[39m: fromArchive
12:37:11 - [34mdebug[39m: loadZipFileContents
12:37:11 - [34mdebug[39m: loadZipFileContents
12:37:11 - [34mdebug[39m: loadZipFileContents
12:37:11 - [34mdebug[39m: loadZipFileContents
12:37:11 - [34mdebug[39m: loadZipFileContents
12:37:11 - [34mdebug[39m: fromArchive
12:37:11 - [34mdebug[39m: fromArchive
12:37:11 - [34mdebug[39m: fromArchive
12:37:11 - [34mdebug[39m: loadZipFileContents
12:42:01 - [34mdebug[39m: loadZipFileContents
12:42:01 - [34mdebug[39m: loadZipFileBuffer
12:42:01 - [34mdebug[39m: loadZipFileContents
12:42:01 - [34mdebug[39m: loadZipFileContents
12:42:01 - [34mdebug[39m: loadZipFileContents
12:42:01 - [34mdebug[39m: loadZipFileContents
12:42:01 - [34mdebug[39m: fromArchive
12:42:01 - [34mdebug[39m: loadZipFileContents
12:42:01 - [34mdebug[39m: loadZipFileContents
12:42:01 - [34mdebug[39m: loadZipFileContents
12:42:01 - [34mdebug[39m: loadZipFileContents
12:42:01 - [34mdebug[39m: loadZipFileContents
12:42:01 - [34mdebug[39m: fromArchive
12:42:01 - [34mdebug[39m: fromArchive
12:42:01 - [34mdebug[39m: fromArchive
12:42:01 - [34mdebug[39m: loadZipFileContents
12:42:50 - [34mdebug[39m: loadZipFileContents
12:42:50 - [34mdebug[39m: loadZipFileBuffer
12:42:50 - [34mdebug[39m: loadZipFileContents
12:42:50 - [34mdebug[39m: loadZipFileContents
12:42:50 - [34mdebug[39m: loadZipFileContents
12:42:50 - [34mdebug[39m: loadZipFileContents
12:42:50 - [34mdebug[39m: fromArchive
12:42:50 - [34mdebug[39m: loadZipFileContents
12:42:50 - [34mdebug[39m: loadZipFileContents
12:42:50 - [34mdebug[39m: loadZipFileContents
12:42:50 - [34mdebug[39m: loadZipFileContents
12:42:50 - [34mdebug[39m: loadZipFileContents
12:42:50 - [34mdebug[39m: fromArchive
12:42:50 - [34mdebug[39m: fromArchive
12:42:50 - [34mdebug[39m: fromArchive
12:42:50 - [34mdebug[39m: loadZipFileContents
14:58:19 - [34mdebug[39m: loadZipFileContents
14:58:19 - [34mdebug[39m: loadZipFileBuffer
14:58:19 - [34mdebug[39m: loadZipFileContents
14:58:19 - [34mdebug[39m: loadZipFileContents
14:58:19 - [34mdebug[39m: loadZipFileContents
14:58:19 - [34mdebug[39m: loadZipFileContents
14:58:19 - [34mdebug[39m: fromArchive
14:58:19 - [34mdebug[39m: loadZipFileContents
14:58:19 - [34mdebug[39m: loadZipFileContents
14:58:19 - [34mdebug[39m: loadZipFileContents
14:58:19 - [34mdebug[39m: loadZipFileContents
14:58:19 - [34mdebug[39m: loadZipFileContents
14:58:19 - [34mdebug[39m: fromArchive
14:58:19 - [34mdebug[39m: fromArchive
14:58:19 - [34mdebug[39m: fromArchive
14:58:19 - [34mdebug[39m: loadZipFileContents
15:01:25 - [34mdebug[39m: loadZipFileContents
15:01:25 - [34mdebug[39m: loadZipFileBuffer
15:01:25 - [34mdebug[39m: loadZipFileContents
15:01:25 - [34mdebug[39m: loadZipFileContents
15:01:25 - [34mdebug[39m: loadZipFileContents
15:01:25 - [34mdebug[39m: loadZipFileContents
15:01:25 - [34mdebug[39m: fromArchive
15:01:25 - [34mdebug[39m: loadZipFileContents
15:01:25 - [34mdebug[39m: loadZipFileContents
15:01:25 - [34mdebug[39m: loadZipFileContents
15:01:25 - [34mdebug[39m: loadZipFileContents
15:01:25 - [34mdebug[39m: loadZipFileContents
15:01:25 - [34mdebug[39m: fromArchive
15:01:25 - [34mdebug[39m: fromArchive
15:01:25 - [34mdebug[39m: fromArchive
15:01:25 - [34mdebug[39m: loadZipFileContents
15:17:59 - [34mdebug[39m: loadZipFileContents
15:17:59 - [34mdebug[39m: loadZipFileBuffer
15:17:59 - [34mdebug[39m: loadZipFileContents
15:17:59 - [34mdebug[39m: loadZipFileContents
15:17:59 - [34mdebug[39m: loadZipFileContents
15:17:59 - [34mdebug[39m: loadZipFileContents
15:17:59 - [34mdebug[39m: fromArchive
15:17:59 - [34mdebug[39m: loadZipFileContents
15:17:59 - [34mdebug[39m: loadZipFileContents
15:17:59 - [34mdebug[39m: loadZipFileContents
15:17:59 - [34mdebug[39m: loadZipFileContents
15:17:59 - [34mdebug[39m: loadZipFileContents
15:17:59 - [34mdebug[39m: fromArchive
15:17:59 - [34mdebug[39m: fromArchive
15:17:59 - [34mdebug[39m: fromArchive
15:17:59 - [34mdebug[39m: loadZipFileContents
15:21:11 - [34mdebug[39m: loadZipFileContents
15:21:11 - [34mdebug[39m: loadZipFileBuffer
15:21:11 - [34mdebug[39m: loadZipFileContents
15:21:11 - [34mdebug[39m: loadZipFileContents
15:21:11 - [34mdebug[39m: loadZipFileContents
15:21:11 - [34mdebug[39m: loadZipFileContents
15:21:11 - [34mdebug[39m: fromArchive
15:21:11 - [34mdebug[39m: loadZipFileContents
15:21:11 - [34mdebug[39m: loadZipFileContents
15:21:11 - [34mdebug[39m: loadZipFileContents
15:21:11 - [34mdebug[39m: loadZipFileContents
15:21:11 - [34mdebug[39m: loadZipFileContents
15:21:11 - [34mdebug[39m: fromArchive
15:21:11 - [34mdebug[39m: fromArchive
15:21:12 - [34mdebug[39m: fromArchive
15:21:12 - [34mdebug[39m: loadZipFileContents
15:22:19 - [34mdebug[39m: loadZipFileContents
15:22:19 - [34mdebug[39m: loadZipFileBuffer
15:22:19 - [34mdebug[39m: loadZipFileContents
15:22:19 - [34mdebug[39m: loadZipFileContents
15:22:19 - [34mdebug[39m: loadZipFileContents
15:22:19 - [34mdebug[39m: loadZipFileContents
15:22:19 - [34mdebug[39m: fromArchive
15:22:19 - [34mdebug[39m: loadZipFileContents
15:22:19 - [34mdebug[39m: loadZipFileContents
15:22:19 - [34mdebug[39m: loadZipFileContents
15:22:19 - [34mdebug[39m: loadZipFileContents
15:22:19 - [34mdebug[39m: loadZipFileContents
15:22:19 - [34mdebug[39m: fromArchive
15:22:19 - [34mdebug[39m: fromArchive
15:22:19 - [34mdebug[39m: fromArchive
15:22:19 - [34mdebug[39m: loadZipFileContents
15:27:51 - [34mdebug[39m: loadZipFileContents
15:27:51 - [34mdebug[39m: loadZipFileBuffer
15:27:51 - [34mdebug[39m: loadZipFileContents
15:27:51 - [34mdebug[39m: loadZipFileContents
15:27:51 - [34mdebug[39m: loadZipFileContents
15:27:51 - [34mdebug[39m: loadZipFileContents
15:27:51 - [34mdebug[39m: fromArchive
15:27:51 - [34mdebug[39m: loadZipFileContents
15:27:51 - [34mdebug[39m: loadZipFileContents
15:27:51 - [34mdebug[39m: loadZipFileContents
15:27:51 - [34mdebug[39m: loadZipFileContents
15:27:51 - [34mdebug[39m: loadZipFileContents
15:27:51 - [34mdebug[39m: fromArchive
15:27:51 - [34mdebug[39m: fromArchive
15:27:51 - [34mdebug[39m: fromArchive
15:27:51 - [34mdebug[39m: loadZipFileContents
15:27:54 - [34mdebug[39m: Setting clause data: {"$class":"license.LicenseAgreementContract","effectiveDate":"2011-09-22T00:00:00.000+02:00","licensee":{"$class":"org.accordproject.cicero.contract.AccordParty","partyId":"Equity Labs, Inc."},"licenseeState":"Utah","licenseeCountry":"USA","licenseeEntityType":"corporation","licenseeAddress":"517 West 100 North, Suite 201, Providence, UT  84332","licensor":{"$class":"org.accordproject.cicero.contract.AccordParty","partyId":"Health Innovations, Inc"},"licensorState":"Utah","licensorCountry":"USA","licensorEntityType":"Corporation","licensorAddress":"86 North University Avenue, Suite 400, Provo, UT 84601","ProductDescription":"des","ProductName":"test","paymentClause":{"$class":"license.PaymentClause","amountText":"one hundred US Dollars","amount":{"$class":"org.accordproject.money.MonetaryAmount","doubleValue":100,"currencyCode":"USD"},"paymentProcedure":"bank transfer","clauseId":"dd726acb-c21c-49c5-ab45-692f4d94ea16"},"royalty":true,"terminationClause":{"$class":"license.TerminationClause","TimeBeforeTermination":{"$class":"org.accordproject.time.Period","amount":3,"unit":"months"},"clauseId":"2dd603d3-3ed4-4f16-a59f-8d63de60439f"},"informationClause":{"$class":"license.InformationClause","buyer":"Hendrik","clauseId":"60268c89-3d8c-4a8c-aa20-deaead0a0340"},"contractId":"aa8ae5ba-4dd4-445e-933d-97882f751d5b"}
15:29:08 - [34mdebug[39m: loadZipFileContents
15:29:08 - [34mdebug[39m: loadZipFileBuffer
15:29:08 - [34mdebug[39m: loadZipFileContents
15:29:08 - [34mdebug[39m: loadZipFileContents
15:29:08 - [34mdebug[39m: loadZipFileContents
15:29:08 - [34mdebug[39m: loadZipFileContents
15:29:08 - [34mdebug[39m: fromArchive
15:29:08 - [34mdebug[39m: loadZipFileContents
15:29:08 - [34mdebug[39m: loadZipFileContents
15:29:08 - [34mdebug[39m: loadZipFileContents
15:29:08 - [34mdebug[39m: loadZipFileContents
15:29:08 - [34mdebug[39m: loadZipFileContents
15:29:08 - [34mdebug[39m: fromArchive
15:29:08 - [34mdebug[39m: fromArchive
15:29:08 - [34mdebug[39m: fromArchive
15:29:08 - [34mdebug[39m: loadZipFileContents
15:29:11 - [34mdebug[39m: Setting clause data: {"$class":"license.LicenseAgreementContract","effectiveDate":"2011-09-22T00:00:00.000+02:00","licensee":{"$class":"org.accordproject.cicero.contract.AccordParty","partyId":"Equity Labs, Inc."},"licenseeState":"Utah","licenseeCountry":"USA","licenseeEntityType":"corporation","licenseeAddress":"517 West 100 North, Suite 201, Providence, UT  84332","licensor":{"$class":"org.accordproject.cicero.contract.AccordParty","partyId":"Health Innovations, Inc"},"licensorState":"Utah","licensorCountry":"USA","licensorEntityType":"Corporation","licensorAddress":"86 North University Avenue, Suite 400, Provo, UT 84601","ProductDescription":"des","ProductName":"test","paymentClause":{"$class":"license.PaymentClause","amountText":"one hundred US Dollars","amount":{"$class":"org.accordproject.money.MonetaryAmount","doubleValue":100,"currencyCode":"USD"},"paymentProcedure":"bank transfer","clauseId":"fdaccd31-5e6a-432f-baa9-bfd70aa652bd"},"royalty":true,"terminationClause":{"$class":"license.TerminationClause","TimeBeforeTermination":{"$class":"org.accordproject.time.Period","amount":3,"unit":"months"},"clauseId":"d6c8674a-0548-4e7a-903d-fae912647910"},"informationClause":{"$class":"license.InformationClause","buyer":"Hendrik","clauseId":"b07a45ee-95cd-4a99-b46a-6dd87068b5da"},"contractId":"430560b1-6bfa-443e-b408-96209f543fce"}
18:10:42 - [34mdebug[39m: loadZipFileContents
18:10:42 - [34mdebug[39m: loadZipFileBuffer
18:10:42 - [34mdebug[39m: loadZipFileContents
18:10:42 - [34mdebug[39m: loadZipFileContents
18:10:42 - [34mdebug[39m: loadZipFileContents
18:10:42 - [34mdebug[39m: loadZipFileContents
18:10:42 - [34mdebug[39m: fromArchive
18:10:42 - [34mdebug[39m: loadZipFileContents
18:10:42 - [34mdebug[39m: loadZipFileContents
18:10:42 - [34mdebug[39m: loadZipFileContents
18:10:42 - [34mdebug[39m: loadZipFileContents
18:10:42 - [34mdebug[39m: loadZipFileContents
18:10:42 - [34mdebug[39m: fromArchive
18:10:42 - [34mdebug[39m: fromArchive
18:10:42 - [34mdebug[39m: fromArchive
18:10:42 - [34mdebug[39m: loadZipFileContents
18:10:46 - [34mdebug[39m: Setting clause data: {"$class":"org.accordproject.latedeliveryandpenalty.LateDeliveryAndPenaltyContract","buyer":{"$class":"org.accordproject.cicero.contract.AccordParty","partyId":"Steve"},"seller":{"$class":"org.accordproject.cicero.contract.AccordParty","partyId":"Dan"},"forceMajeure":true,"penaltyDuration":{"$class":"org.accordproject.time.Duration","amount":2,"unit":"days"},"penaltyPercentage":10.5,"capPercentage":55,"termination":{"$class":"org.accordproject.time.Duration","amount":15,"unit":"days"},"fractionalPart":"days","contractId":"32cea4af-1346-4b43-bbda-c909a21954b8"}
12:08:00 - [34mdebug[39m: loadZipFileContents
12:08:00 - [34mdebug[39m: loadZipFileBuffer
12:08:00 - [34mdebug[39m: loadZipFileContents
12:08:00 - [34mdebug[39m: loadZipFileContents
12:08:00 - [34mdebug[39m: loadZipFileContents
12:08:00 - [34mdebug[39m: loadZipFileContents
12:08:00 - [34mdebug[39m: fromArchive
12:08:00 - [34mdebug[39m: loadZipFileContents
12:08:00 - [34mdebug[39m: loadZipFileContents
12:08:00 - [34mdebug[39m: loadZipFileContents
12:08:00 - [34mdebug[39m: loadZipFileContents
12:08:00 - [34mdebug[39m: loadZipFileContents
12:08:00 - [34mdebug[39m: fromArchive
12:08:00 - [34mdebug[39m: fromArchive
12:08:00 - [34mdebug[39m: fromArchive
12:08:00 - [34mdebug[39m: loadZipFileContents
12:08:03 - [34mdebug[39m: Setting clause data: {"$class":"license.LicenseAgreementContract","effectiveDate":"2011-09-22T00:00:00.000+02:00","licensee":{"$class":"org.accordproject.cicero.contract.AccordParty","partyId":"Equity Labs, Inc."},"licenseeState":"Utah","licenseeCountry":"USA","licenseeEntityType":"corporation","licenseeAddress":"517 West 100 North, Suite 201, Providence, UT  84332","licensor":{"$class":"org.accordproject.cicero.contract.AccordParty","partyId":"Health Innovations, Inc"},"licensorState":"Utah","licensorCountry":"USA","licensorEntityType":"Corporation","licensorAddress":"86 North University Avenue, Suite 400, Provo, UT 84601","ProductDescription":"des","ProductName":"test","paymentClause":{"$class":"license.PaymentClause","amountText":"one hundred US Dollars","amount":{"$class":"org.accordproject.money.MonetaryAmount","doubleValue":100,"currencyCode":"USD"},"paymentProcedure":"bank transfer","clauseId":"0edfbeba-003b-4a38-a07d-7367711c6742"},"royalty":true,"terminationClause":{"$class":"license.TerminationClause","TimeBeforeTermination":{"$class":"org.accordproject.time.Period","amount":3,"unit":"months"},"clauseId":"6a6d89ed-14be-4f65-9a67-f1c3ab86bafa"},"informationClause":{"$class":"license.InformationClause","buyer":"Hendrik","clauseId":"22c7063c-f637-431c-a965-477699ec90d1"},"contractId":"0f4ebe75-d3f0-4b85-b57f-fb8ee3645dfa"}
12:09:14 - [34mdebug[39m: loadZipFileContents
12:09:14 - [34mdebug[39m: loadZipFileBuffer
12:09:14 - [34mdebug[39m: loadZipFileContents
12:09:14 - [34mdebug[39m: loadZipFileContents
12:09:14 - [34mdebug[39m: loadZipFileContents
12:09:14 - [34mdebug[39m: loadZipFileContents
12:09:14 - [34mdebug[39m: fromArchive
12:09:14 - [34mdebug[39m: loadZipFileContents
12:09:14 - [34mdebug[39m: loadZipFileContents
12:09:14 - [34mdebug[39m: loadZipFileContents
12:09:14 - [34mdebug[39m: loadZipFileContents
12:09:14 - [34mdebug[39m: loadZipFileContents
12:09:14 - [34mdebug[39m: fromArchive
12:09:14 - [34mdebug[39m: fromArchive
12:09:14 - [34mdebug[39m: fromArchive
12:09:14 - [34mdebug[39m: loadZipFileContents
12:09:18 - [34mdebug[39m: Setting clause data: {"$class":"org.accordproject.latedeliveryandpenalty.LateDeliveryAndPenaltyContract","buyer":{"$class":"org.accordproject.cicero.contract.AccordParty","partyId":"Steve"},"seller":{"$class":"org.accordproject.cicero.contract.AccordParty","partyId":"Dan"},"forceMajeure":true,"penaltyDuration":{"$class":"org.accordproject.time.Duration","amount":2,"unit":"days"},"penaltyPercentage":10.5,"capPercentage":55,"termination":{"$class":"org.accordproject.time.Duration","amount":15,"unit":"days"},"fractionalPart":"days","contractId":"963bbe68-3a2d-4f6c-8c62-d997a4a1eaac"}
12:30:52 - [34mdebug[39m: loadZipFileContents
12:30:53 - [34mdebug[39m: loadZipFileBuffer
12:30:53 - [34mdebug[39m: loadZipFileContents
12:30:53 - [34mdebug[39m: loadZipFileContents
12:30:53 - [34mdebug[39m: loadZipFileContents
12:30:53 - [34mdebug[39m: loadZipFileContents
12:30:53 - [34mdebug[39m: fromArchive
12:30:53 - [34mdebug[39m: loadZipFileContents
12:30:53 - [34mdebug[39m: loadZipFileContents
12:30:53 - [34mdebug[39m: loadZipFileContents
12:30:53 - [34mdebug[39m: loadZipFileContents
12:30:53 - [34mdebug[39m: loadZipFileContents
12:30:53 - [34mdebug[39m: fromArchive
12:30:53 - [34mdebug[39m: fromArchive
12:30:53 - [34mdebug[39m: fromArchive
12:30:53 - [34mdebug[39m: loadZipFileContents
12:30:55 - [34mdebug[39m: Setting clause data: {"$class":"license.LicenseAgreementContract","effectiveDate":"2011-09-22T00:00:00.000+02:00","licensee":{"$class":"org.accordproject.cicero.contract.AccordParty","partyId":"Equity Labs, Inc."},"licenseeState":"Utah","licenseeCountry":"USA","licenseeEntityType":"corporation","licenseeAddress":"517 West 100 North, Suite 201, Providence, UT  84332","licensor":{"$class":"org.accordproject.cicero.contract.AccordParty","partyId":"Health Innovations, Inc"},"licensorState":"Utah","licensorCountry":"USA","licensorEntityType":"Corporation","licensorAddress":"86 North University Avenue, Suite 400, Provo, UT 84601","ProductDescription":"des","ProductName":"test","paymentClause":{"$class":"license.PaymentClause","amountText":"one hundred US Dollars","amount":{"$class":"org.accordproject.money.MonetaryAmount","doubleValue":100,"currencyCode":"USD"},"paymentProcedure":"bank transfer","clauseId":"914bb01d-f94d-4435-b021-f78e356f2b20"},"royalty":true,"terminationClause":{"$class":"license.TerminationClause","TimeBeforeTermination":{"$class":"org.accordproject.time.Period","amount":3,"unit":"months"},"clauseId":"a67be464-b75c-4708-8ee1-4efb4b612038"},"informationClause":{"$class":"license.InformationClause","buyer":"Hendrik","clauseId":"b2b06926-010a-4022-9eae-3a9ce2eb1b57"},"contractId":"d0eed609-229b-4cdc-8c89-1e938cb9e6e4"}
15:25:41 - [34mdebug[39m: loadZipFileContents
15:25:41 - [34mdebug[39m: loadZipFileBuffer
15:25:41 - [34mdebug[39m: loadZipFileContents
15:25:41 - [34mdebug[39m: loadZipFileContents
15:25:41 - [34mdebug[39m: loadZipFileContents
15:25:41 - [34mdebug[39m: loadZipFileContents
15:25:41 - [34mdebug[39m: fromArchive
15:25:41 - [34mdebug[39m: loadZipFileContents
15:25:41 - [34mdebug[39m: loadZipFileContents
15:25:41 - [34mdebug[39m: loadZipFileContents
15:25:41 - [34mdebug[39m: loadZipFileContents
15:25:41 - [34mdebug[39m: loadZipFileContents
15:25:41 - [34mdebug[39m: fromArchive
15:25:41 - [34mdebug[39m: fromArchive
15:25:41 - [34mdebug[39m: fromArchive
15:25:41 - [34mdebug[39m: loadZipFileContents
15:25:45 - [34mdebug[39m: Setting clause data: {"$class":"org.accordproject.latedeliveryandpenalty.LateDeliveryAndPenaltyContract","buyer":{"$class":"org.accordproject.cicero.contract.AccordParty","partyId":"Steve"},"seller":{"$class":"org.accordproject.cicero.contract.AccordParty","partyId":"Dan"},"forceMajeure":true,"penaltyDuration":{"$class":"org.accordproject.time.Duration","amount":2,"unit":"days"},"penaltyPercentage":10.5,"capPercentage":55,"termination":{"$class":"org.accordproject.time.Duration","amount":15,"unit":"days"},"fractionalPart":"days","contractId":"9692a830-246a-409f-9200-4050bbc3554b"}
15:33:44 - [34mdebug[39m: loadZipFileContents
15:33:44 - [34mdebug[39m: loadZipFileBuffer
15:33:44 - [34mdebug[39m: loadZipFileContents
15:33:44 - [34mdebug[39m: loadZipFileContents
15:33:44 - [34mdebug[39m: loadZipFileContents
15:33:44 - [34mdebug[39m: loadZipFileContents
15:33:44 - [34mdebug[39m: fromArchive
15:33:44 - [34mdebug[39m: loadZipFileContents
15:33:44 - [34mdebug[39m: loadZipFileContents
15:33:44 - [34mdebug[39m: loadZipFileContents
15:33:44 - [34mdebug[39m: loadZipFileContents
15:33:44 - [34mdebug[39m: loadZipFileContents
15:33:44 - [34mdebug[39m: fromArchive
15:33:44 - [34mdebug[39m: fromArchive
15:33:44 - [34mdebug[39m: fromArchive
15:33:44 - [34mdebug[39m: loadZipFileContents
15:33:48 - [34mdebug[39m: Setting clause data: {"$class":"license.LicenseAgreementContract","effectiveDate":"2011-09-22T00:00:00.000+02:00","licensee":{"$class":"org.accordproject.cicero.contract.AccordParty","partyId":"Equity Labs, Inc."},"licenseeState":"Utah","licenseeCountry":"USA","licenseeEntityType":"corporation","licenseeAddress":"517 West 100 North, Suite 201, Providence, UT  84332","licensor":{"$class":"org.accordproject.cicero.contract.AccordParty","partyId":"Health Innovations, Inc"},"licensorState":"Utah","licensorCountry":"USA","licensorEntityType":"Corporation","licensorAddress":"86 North University Avenue, Suite 400, Provo, UT 84601","ProductDescription":"des","ProductName":"test","paymentClause":{"$class":"license.PaymentClause","amountText":"one hundred US Dollars","amount":{"$class":"org.accordproject.money.MonetaryAmount","doubleValue":100,"currencyCode":"USD"},"paymentProcedure":"bank transfer","clauseId":"413dd9c2-43d1-4b25-b229-f9738205fa89"},"royalty":true,"terminationClause":{"$class":"license.TerminationClause","TimeBeforeTermination":{"$class":"org.accordproject.time.Period","amount":3,"unit":"months"},"clauseId":"53aa5842-c0f6-436a-a595-b64154fc43b5"},"informationClause":{"$class":"license.InformationClause","buyer":"Hendrik","clauseId":"66b1fe6b-1e32-4f11-a11f-57ddc73922b5"},"contractId":"0b10cd11-07f6-4a35-bbbf-28250e36c23b"}
15:36:58 - [34mdebug[39m: loadZipFileContents
15:36:58 - [34mdebug[39m: loadZipFileBuffer
15:36:58 - [34mdebug[39m: loadZipFileContents
15:36:58 - [34mdebug[39m: loadZipFileContents
15:36:58 - [34mdebug[39m: loadZipFileContents
15:36:58 - [34mdebug[39m: loadZipFileContents
15:36:58 - [34mdebug[39m: fromArchive
15:36:58 - [34mdebug[39m: loadZipFileContents
15:36:58 - [34mdebug[39m: loadZipFileContents
15:36:58 - [34mdebug[39m: loadZipFileContents
15:36:58 - [34mdebug[39m: loadZipFileContents
15:36:58 - [34mdebug[39m: loadZipFileContents
15:36:58 - [34mdebug[39m: fromArchive
15:36:58 - [34mdebug[39m: fromArchive
15:36:58 - [34mdebug[39m: fromArchive
15:36:58 - [34mdebug[39m: loadZipFileContents
15:37:03 - [34mdebug[39m: Setting clause data: {"$class":"license.LicenseAgreementContract","effectiveDate":"2011-09-22T00:00:00.000+02:00","licensee":{"$class":"org.accordproject.cicero.contract.AccordParty","partyId":"Equity Labs, Inc."},"licenseeState":"Utah","licenseeCountry":"USA","licenseeEntityType":"corporation","licenseeAddress":"517 West 100 North, Suite 201, Providence, UT  84332","licensor":{"$class":"org.accordproject.cicero.contract.AccordParty","partyId":"Health Innovations, Inc"},"licensorState":"Utah","licensorCountry":"USA","licensorEntityType":"Corporation","licensorAddress":"86 North University Avenue, Suite 400, Provo, UT 84601","ProductDescription":"des","ProductName":"test","paymentClause":{"$class":"license.PaymentClause","amountText":"one hundred US Dollars","amount":{"$class":"org.accordproject.money.MonetaryAmount","doubleValue":100,"currencyCode":"USD"},"paymentProcedure":"bank transfer","clauseId":"69681d71-05e4-410d-a304-6d505362a3d9"},"royalty":true,"terminationClause":{"$class":"license.TerminationClause","TimeBeforeTermination":{"$class":"org.accordproject.time.Period","amount":3,"unit":"months"},"clauseId":"8f2fc224-5006-4a10-9fb3-fcba6aed1467"},"informationClause":{"$class":"license.InformationClause","buyer":"Hendrik","clauseId":"d1ce19bf-02ac-4c4f-a15f-64c506e99658"},"contractId":"6ac32754-59c7-41be-8165-fc90808005eb"}
15:37:38 - [34mdebug[39m: loadZipFileContents
15:37:38 - [34mdebug[39m: loadZipFileBuffer
15:37:38 - [34mdebug[39m: loadZipFileContents
15:37:38 - [34mdebug[39m: loadZipFileContents
15:37:38 - [34mdebug[39m: loadZipFileContents
15:37:38 - [34mdebug[39m: loadZipFileContents
15:37:38 - [34mdebug[39m: fromArchive
15:37:38 - [34mdebug[39m: loadZipFileContents
15:37:38 - [34mdebug[39m: loadZipFileContents
15:37:38 - [34mdebug[39m: loadZipFileContents
15:37:38 - [34mdebug[39m: loadZipFileContents
15:37:38 - [34mdebug[39m: loadZipFileContents
15:37:38 - [34mdebug[39m: fromArchive
15:37:38 - [34mdebug[39m: fromArchive
15:37:38 - [34mdebug[39m: fromArchive
15:37:38 - [34mdebug[39m: loadZipFileContents
15:37:46 - [34mdebug[39m: Setting clause data: {"$class":"org.accordproject.latedeliveryandpenalty.LateDeliveryAndPenaltyContract","buyer":{"$class":"org.accordproject.cicero.contract.AccordParty","partyId":"Steve"},"seller":{"$class":"org.accordproject.cicero.contract.AccordParty","partyId":"Dan"},"forceMajeure":true,"penaltyDuration":{"$class":"org.accordproject.time.Duration","amount":2,"unit":"days"},"penaltyPercentage":10.5,"capPercentage":55,"termination":{"$class":"org.accordproject.time.Duration","amount":15,"unit":"days"},"fractionalPart":"days","contractId":"95269d57-ddbb-455c-9ff7-e812eb96b43e"}
